Content-Type: multipart/alternative;
 boundary="===============1673828145613476725=="
MIME-Version: 1.0
Subject: Profile activation
From: travispereiras@gmail.com
To: traviscrossroads@msn.com
Date: Fri, 23 Aug 2019 21:58:07 -0000
Message-ID: <156659748796.3441.13558080763457626066@MacBook-Pro.local>

--===============1673828145613476725==
Content-Type: text/plain; charset="utf-8"
MIME-Version: 1.0
Content-Transfer-Encoding: 7bit



To activate your profile, please follow this link:

http://localhost:8000/accounts/activate/nHlAxaGa5mjG15jJH3nn/

--===============1673828145613476725==
Content-Type: text/html; charset="utf-8"
MIME-Version: 1.0
Content-Transfer-Encoding: 7bit



<!DOCTYPE html PUBLIC "-//W3C//DTD XHTML 1.0 Transitional//EN"
        "http://www.w3.org/TR/xhtml1/DTD/xhtml1-transitional.dtd">
<html xmlns="http://www.w3.org/1999/xhtml">
<head>
    <meta http-equiv="Content-Type" content="text/html; charset=UTF-8"/>
    <title>Profile activation</title>
    <meta name="viewport" content="width=device-width, initial-scale=1.0"/>
</head>

<body>

<p>
    To activate your profile, please follow this link:
</p>

<p>
    <a href="http://localhost:8000/accounts/activate/nHlAxaGa5mjG15jJH3nn/">http://localhost:8000/accounts/activate/nHlAxaGa5mjG15jJH3nn/</a>
</p>

</body>

</html>

--===============1673828145613476725==--

-------------------------------------------------------------------------------
