Content-Type: multipart/alternative;
 boundary="===============1578412238108329953=="
MIME-Version: 1.0
Subject: Profile activation
From: test@example.com
To: tpereiras@usahazmat.com
Date: Fri, 23 Aug 2019 17:53:18 -0000
Message-ID: <156658279817.2079.14912530425443894828@MacBook-Pro.local>

--===============1578412238108329953==
Content-Type: text/plain; charset="utf-8"
MIME-Version: 1.0
Content-Transfer-Encoding: 7bit



To activate your profile, please follow this link:

http://localhost:8000/accounts/activate/JiCffPzKlOzvuM7xYQ6z/

--===============1578412238108329953==
Content-Type: text/html; charset="utf-8"
MIME-Version: 1.0
Content-Transfer-Encoding: 7bit



<!DOCTYPE html PUBLIC "-//W3C//DTD XHTML 1.0 Transitional//EN"
        "http://www.w3.org/TR/xhtml1/DTD/xhtml1-transitional.dtd">
<html xmlns="http://www.w3.org/1999/xhtml">
<head>
    <meta http-equiv="Content-Type" content="text/html; charset=UTF-8"/>
    <title>Profile activation</title>
    <meta name="viewport" content="width=device-width, initial-scale=1.0"/>
</head>

<body>

<p>
    To activate your profile, please follow this link:
</p>

<p>
    <a href="http://localhost:8000/accounts/activate/JiCffPzKlOzvuM7xYQ6z/">http://localhost:8000/accounts/activate/JiCffPzKlOzvuM7xYQ6z/</a>
</p>

</body>

</html>

--===============1578412238108329953==--

-------------------------------------------------------------------------------
