Content-Type: multipart/alternative;
 boundary="===============1911380861652953960=="
MIME-Version: 1.0
Subject: Profile activation
From: travispereiras@gmail.com
To: traviscrossroads@msn.com
Date: Mon, 26 Aug 2019 20:34:27 -0000
Message-ID: <156685166726.5121.16626784319369592195@MacBook-Pro.local>

--===============1911380861652953960==
Content-Type: text/plain; charset="utf-8"
MIME-Version: 1.0
Content-Transfer-Encoding: 7bit



To activate your profile, please follow this link:

http://localhost:8000/accounts/activate/8j4C8NXfloPxDwwrvMyN/

--===============1911380861652953960==
Content-Type: text/html; charset="utf-8"
MIME-Version: 1.0
Content-Transfer-Encoding: 7bit



<!DOCTYPE html PUBLIC "-//W3C//DTD XHTML 1.0 Transitional//EN"
        "http://www.w3.org/TR/xhtml1/DTD/xhtml1-transitional.dtd">
<html xmlns="http://www.w3.org/1999/xhtml">
<head>
    <meta http-equiv="Content-Type" content="text/html; charset=UTF-8"/>
    <title>Profile activation</title>
    <meta name="viewport" content="width=device-width, initial-scale=1.0"/>
</head>

<body>

<p>
    To activate your profile, please follow this link:
</p>

<p>
    <a href="http://localhost:8000/accounts/activate/8j4C8NXfloPxDwwrvMyN/">http://localhost:8000/accounts/activate/8j4C8NXfloPxDwwrvMyN/</a>
</p>

</body>

</html>

--===============1911380861652953960==--

-------------------------------------------------------------------------------
