Content-Type: multipart/alternative;
 boundary="===============3229884665714434993=="
MIME-Version: 1.0
Subject: Profile activation
From: travispereiras@gmail.com
To: traviscrossroads@msn.com
Date: Fri, 23 Aug 2019 21:14:17 -0000
Message-ID: <156659485796.3202.7190647839713260767@MacBook-Pro.local>

--===============3229884665714434993==
Content-Type: text/plain; charset="utf-8"
MIME-Version: 1.0
Content-Transfer-Encoding: 7bit



To activate your profile, please follow this link:

http://localhost:8000/accounts/activate/lDO44SXlSLPGqjMf7V2n/

--===============3229884665714434993==
Content-Type: text/html; charset="utf-8"
MIME-Version: 1.0
Content-Transfer-Encoding: 7bit



<!DOCTYPE html PUBLIC "-//W3C//DTD XHTML 1.0 Transitional//EN"
        "http://www.w3.org/TR/xhtml1/DTD/xhtml1-transitional.dtd">
<html xmlns="http://www.w3.org/1999/xhtml">
<head>
    <meta http-equiv="Content-Type" content="text/html; charset=UTF-8"/>
    <title>Profile activation</title>
    <meta name="viewport" content="width=device-width, initial-scale=1.0"/>
</head>

<body>

<p>
    To activate your profile, please follow this link:
</p>

<p>
    <a href="http://localhost:8000/accounts/activate/lDO44SXlSLPGqjMf7V2n/">http://localhost:8000/accounts/activate/lDO44SXlSLPGqjMf7V2n/</a>
</p>

</body>

</html>

--===============3229884665714434993==--

-------------------------------------------------------------------------------
