Content-Type: multipart/alternative;
 boundary="===============3879640012617389137=="
MIME-Version: 1.0
Subject: Profile activation
From: travispereiras@gmail.com
To: travispereiras@gmail.com
Date: Mon, 26 Aug 2019 20:49:58 -0000
Message-ID: <156685259872.5121.18354387896440475777@MacBook-Pro.local>

--===============3879640012617389137==
Content-Type: text/plain; charset="utf-8"
MIME-Version: 1.0
Content-Transfer-Encoding: 7bit



To activate your profile, please follow this link:

http://localhost:8000/accounts/activate/bWFjwo1KOz4SAQosoSxU/

--===============3879640012617389137==
Content-Type: text/html; charset="utf-8"
MIME-Version: 1.0
Content-Transfer-Encoding: 7bit



<!DOCTYPE html PUBLIC "-//W3C//DTD XHTML 1.0 Transitional//EN"
        "http://www.w3.org/TR/xhtml1/DTD/xhtml1-transitional.dtd">
<html xmlns="http://www.w3.org/1999/xhtml">
<head>
    <meta http-equiv="Content-Type" content="text/html; charset=UTF-8"/>
    <title>Profile activation</title>
    <meta name="viewport" content="width=device-width, initial-scale=1.0"/>
</head>

<body>

<p>
    To activate your profile, please follow this link:
</p>

<p>
    <a href="http://localhost:8000/accounts/activate/bWFjwo1KOz4SAQosoSxU/">http://localhost:8000/accounts/activate/bWFjwo1KOz4SAQosoSxU/</a>
</p>

</body>

</html>

--===============3879640012617389137==--

-------------------------------------------------------------------------------
